Started GET "/" for ::1 at 2024-04-26 00:44:41 -0300
  [1m[35m (364.4ms)[0m  [1m[35mCREATE TABLE "schema_migrations" ("version" varchar NOT NULL PRIMARY KEY)[0m
  [1m[35m (0.6ms)[0m  [1m[35mCREATE TABLE "ar_internal_metadata" ("key" varchar NOT NULL PRIMARY KEY, "value" varchar, "created_at" datetime(6) NOT NULL, "updated_at" datetime(6) NOT NULL)[0m
  [1m[36mActiveRecord::SchemaMigration Load (0.3ms)[0m  [1m[34mSELECT "schema_migrations"."version" FROM "schema_migrations" ORDER BY "schema_migrations"."version" ASC[0m
Processing by Rails::WelcomeController#index as HTML
  Rendering /usr/local/lib/ruby/gems/3.3.0/gems/railties-7.1.3.2/lib/rails/templates/rails/welcome/index.html.erb
  Rendered /usr/local/lib/ruby/gems/3.3.0/gems/railties-7.1.3.2/lib/rails/templates/rails/welcome/index.html.erb (Duration: 3.2ms | Allocations: 374)
Completed 200 OK in 143ms (Views: 37.0ms | ActiveRecord: 0.0ms | Allocations: 7745)


  [1m[36mActiveRecord::InternalMetadata Load (0.5ms)[0m  [1m[34mSELECT * FROM "ar_internal_metadata" WHERE "ar_internal_metadata"."key" = ? ORDER BY "ar_internal_metadata"."key" ASC LIMIT 1[0m  [[nil, "environment"]]
  [1m[36mActiveRecord::InternalMetadata Create (9.3ms)[0m  [1m[32mINSERT INTO "ar_internal_metadata" ("key", "value", "created_at", "updated_at") VALUES ('environment', 'development', '2024-04-26 03:52:25.965329', '2024-04-26 03:52:25.965338') RETURNING "key"[0m
  [1m[36mActiveRecord::SchemaMigration Load (0.3ms)[0m  [1m[34mSELECT "schema_migrations"."version" FROM "schema_migrations" ORDER BY "schema_migrations"."version" ASC[0m
Migrating to CreateRooms (20240426034851)
  [1m[36mTRANSACTION (0.1ms)[0m  [1m[36mbegin transaction[0m
  [1m[35m (2.4ms)[0m  [1m[35mCREATE TABLE "rooms" ("id" integer PRIMARY KEY AUTOINCREMENT NOT NULL, "title" varchar, "location" varchar, "description" text, "created_at" datetime(6) NOT NULL, "updated_at" datetime(6) NOT NULL)[0m
  [1m[36mActiveRecord::SchemaMigration Create (0.4ms)[0m  [1m[32mINSERT INTO "schema_migrations" ("version") VALUES ('20240426034851') RETURNING "version"[0m
  [1m[36mTRANSACTION (0.5ms)[0m  [1m[36mcommit transaction[0m
  [1m[36mActiveRecord::SchemaMigration Load (0.3ms)[0m  [1m[34mSELECT "schema_migrations"."version" FROM "schema_migrations" ORDER BY "schema_migrations"."version" ASC[0m
Started GET "/" for ::1 at 2024-04-26 00:58:58 -0300
  [1m[36mActiveRecord::SchemaMigration Load (0.3ms)[0m  [1m[34mSELECT "schema_migrations"."version" FROM "schema_migrations" ORDER BY "schema_migrations"."version" ASC[0m
Processing by Rails::WelcomeController#index as HTML
  Rendering /usr/local/lib/ruby/gems/3.3.0/gems/railties-7.1.3.2/lib/rails/templates/rails/welcome/index.html.erb
  Rendered /usr/local/lib/ruby/gems/3.3.0/gems/railties-7.1.3.2/lib/rails/templates/rails/welcome/index.html.erb (Duration: 5.0ms | Allocations: 374)
Completed 200 OK in 36ms (Views: 18.3ms | ActiveRecord: 0.0ms | Allocations: 4304)


Started GET "/room" for ::1 at 2024-04-26 00:59:02 -0300
  
ActionController::RoutingError (No route matches [GET] "/room"):
  
Started GET "/rooms" for ::1 at 2024-04-26 00:59:12 -0300
Processing by RoomsController#index as HTML
  Rendering layout layouts/application.html.erb
  Rendering rooms/index.html.erb within layouts/application
  [1m[36mRoom Load (1.0ms)[0m  [1m[34mSELECT "rooms".* FROM "rooms"[0m
  ↳ app/views/rooms/index.html.erb:6
  Rendered rooms/index.html.erb within layouts/application (Duration: 8.5ms | Allocations: 1308)
  Rendered layout layouts/application.html.erb (Duration: 996.6ms | Allocations: 74031)
Completed 200 OK in 1120ms (Views: 997.7ms | ActiveRecord: 4.5ms | Allocations: 83707)


Started GET "/rooms/new" for ::1 at 2024-04-26 00:59:16 -0300
Processing by RoomsController#new as HTML
  Rendering layout layouts/application.html.erb
  Rendering rooms/new.html.erb within layouts/application
  Rendered rooms/_form.html.erb (Duration: 51.2ms | Allocations: 5015)
  Rendered rooms/new.html.erb within layouts/application (Duration: 52.9ms | Allocations: 5304)
  Rendered layout layouts/application.html.erb (Duration: 57.3ms | Allocations: 6219)
Completed 200 OK in 150ms (Views: 58.4ms | ActiveRecord: 3.1ms | Allocations: 16345)


Started GET "/" for ::1 at 2024-04-26 01:00:29 -0300
  [1m[36mActiveRecord::SchemaMigration Load (0.4ms)[0m  [1m[34mSELECT "schema_migrations"."version" FROM "schema_migrations" ORDER BY "schema_migrations"."version" ASC[0m
Processing by Rails::WelcomeController#index as HTML
  Rendering /usr/local/lib/ruby/gems/3.3.0/gems/railties-7.1.3.2/lib/rails/templates/rails/welcome/index.html.erb
  Rendered /usr/local/lib/ruby/gems/3.3.0/gems/railties-7.1.3.2/lib/rails/templates/rails/welcome/index.html.erb (Duration: 4.5ms | Allocations: 374)
Completed 200 OK in 78ms (Views: 28.7ms | ActiveRecord: 0.0ms | Allocations: 7754)


